  final task.cpp
\\Mac\Home\Documents\Github\cpp-bsuir\2-nd term\SDT\var_6\final task\final task\final task.cpp(23,17): warning C4566: character represented by universal-character-name '\u0412' cannot be represented in the current code page (1252)
\\Mac\Home\Documents\Github\cpp-bsuir\2-nd term\SDT\var_6\final task\final task\final task.cpp(23,17): warning C4566: character represented by universal-character-name '\u0432' cannot be represented in the current code page (1252)
\\Mac\Home\Documents\Github\cpp-bsuir\2-nd term\SDT\var_6\final task\final task\final task.cpp(23,17): warning C4566: character represented by universal-character-name '\u0435' cannot be represented in the current code page (1252)
\\Mac\Home\Documents\Github\cpp-bsuir\2-nd term\SDT\var_6\final task\final task\final task.cpp(23,17): warning C4566: character represented by universal-character-name '\u0434' cannot be represented in the current code page (1252)
\\Mac\Home\Documents\Github\cpp-bsuir\2-nd term\SDT\var_6\final task\final task\final task.cpp(23,17): warning C4566: character represented by universal-character-name '\u0438' cannot be represented in the current code page (1252)
\\Mac\Home\Documents\Github\cpp-bsuir\2-nd term\SDT\var_6\final task\final task\final task.cpp(23,17): warning C4566: character represented by universal-character-name '\u0442' cannot be represented in the current code page (1252)
\\Mac\Home\Documents\Github\cpp-bsuir\2-nd term\SDT\var_6\final task\final task\final task.cpp(23,17): warning C4566: character represented by universal-character-name '\u0440' cannot be represented in the current code page (1252)
\\Mac\Home\Documents\Github\cpp-bsuir\2-nd term\SDT\var_6\final task\final task\final task.cpp(23,17): warning C4566: character represented by universal-character-name '\u0430' cannot be represented in the current code page (1252)
\\Mac\Home\Documents\Github\cpp-bsuir\2-nd term\SDT\var_6\final task\final task\final task.cpp(23,17): warning C4566: character represented by universal-character-name '\u0437' cannot be represented in the current code page (1252)
\\Mac\Home\Documents\Github\cpp-bsuir\2-nd term\SDT\var_6\final task\final task\final task.cpp(23,17): warning C4566: character represented by universal-character-name '\u043C' cannot be represented in the current code page (1252)
\\Mac\Home\Documents\Github\cpp-bsuir\2-nd term\SDT\var_6\final task\final task\final task.cpp(30,29): warning C4566: character represented by universal-character-name '\u0412' cannot be represented in the current code page (1252)
\\Mac\Home\Documents\Github\cpp-bsuir\2-nd term\SDT\var_6\final task\final task\final task.cpp(30,29): warning C4566: character represented by universal-character-name '\u0432' cannot be represented in the current code page (1252)
\\Mac\Home\Documents\Github\cpp-bsuir\2-nd term\SDT\var_6\final task\final task\final task.cpp(30,29): warning C4566: character represented by universal-character-name '\u0435' cannot be represented in the current code page (1252)
\\Mac\Home\Documents\Github\cpp-bsuir\2-nd term\SDT\var_6\final task\final task\final task.cpp(30,29): warning C4566: character represented by universal-character-name '\u0434' cannot be represented in the current code page (1252)
\\Mac\Home\Documents\Github\cpp-bsuir\2-nd term\SDT\var_6\final task\final task\final task.cpp(30,29): warning C4566: character represented by universal-character-name '\u0451' cannot be represented in the current code page (1252)
\\Mac\Home\Documents\Github\cpp-bsuir\2-nd term\SDT\var_6\final task\final task\final task.cpp(30,29): warning C4566: character represented by universal-character-name '\u043D' cannot be represented in the current code page (1252)
\\Mac\Home\Documents\Github\cpp-bsuir\2-nd term\SDT\var_6\final task\final task\final task.cpp(30,29): warning C4566: character represented by universal-character-name '\u043E' cannot be represented in the current code page (1252)
\\Mac\Home\Documents\Github\cpp-bsuir\2-nd term\SDT\var_6\final task\final task\final task.cpp(30,29): warning C4566: character represented by universal-character-name '\u043F' cannot be represented in the current code page (1252)
\\Mac\Home\Documents\Github\cpp-bsuir\2-nd term\SDT\var_6\final task\final task\final task.cpp(30,29): warning C4566: character represented by universal-character-name '\u0443' cannot be represented in the current code page (1252)
\\Mac\Home\Documents\Github\cpp-bsuir\2-nd term\SDT\var_6\final task\final task\final task.cpp(30,29): warning C4566: character represented by universal-character-name '\u0441' cannot be represented in the current code page (1252)
\\Mac\Home\Documents\Github\cpp-bsuir\2-nd term\SDT\var_6\final task\final task\final task.cpp(30,29): warning C4566: character represented by universal-character-name '\u0442' cannot be represented in the current code page (1252)
\\Mac\Home\Documents\Github\cpp-bsuir\2-nd term\SDT\var_6\final task\final task\final task.cpp(30,29): warning C4566: character represented by universal-character-name '\u0438' cannot be represented in the current code page (1252)
\\Mac\Home\Documents\Github\cpp-bsuir\2-nd term\SDT\var_6\final task\final task\final task.cpp(30,29): warning C4566: character represented by universal-character-name '\u043C' cannot be represented in the current code page (1252)
\\Mac\Home\Documents\Github\cpp-bsuir\2-nd term\SDT\var_6\final task\final task\final task.cpp(30,29): warning C4566: character represented by universal-character-name '\u044B' cannot be represented in the current code page (1252)
\\Mac\Home\Documents\Github\cpp-bsuir\2-nd term\SDT\var_6\final task\final task\final task.cpp(30,29): warning C4566: character represented by universal-character-name '\u0439' cannot be represented in the current code page (1252)
\\Mac\Home\Documents\Github\cpp-bsuir\2-nd term\SDT\var_6\final task\final task\final task.cpp(30,29): warning C4566: character represented by universal-character-name '\u0440' cannot be represented in the current code page (1252)
\\Mac\Home\Documents\Github\cpp-bsuir\2-nd term\SDT\var_6\final task\final task\final task.cpp(30,29): warning C4566: character represented by universal-character-name '\u0430' cannot be represented in the current code page (1252)
\\Mac\Home\Documents\Github\cpp-bsuir\2-nd term\SDT\var_6\final task\final task\final task.cpp(30,29): warning C4566: character represented by universal-character-name '\u0437' cannot be represented in the current code page (1252)
\\Mac\Home\Documents\Github\cpp-bsuir\2-nd term\SDT\var_6\final task\final task\final task.cpp(30,29): warning C4566: character represented by universal-character-name '\u0431' cannot be represented in the current code page (1252)
\\Mac\Home\Documents\Github\cpp-bsuir\2-nd term\SDT\var_6\final task\final task\final task.cpp(30,29): warning C4566: character represented by universal-character-name '\u0449' cannot be represented in the current code page (1252)
\\Mac\Home\Documents\Github\cpp-bsuir\2-nd term\SDT\var_6\final task\final task\final task.cpp(44,29): warning C4566: character represented by universal-character-name '\u041D' cannot be represented in the current code page (1252)
\\Mac\Home\Documents\Github\cpp-bsuir\2-nd term\SDT\var_6\final task\final task\final task.cpp(44,29): warning C4566: character represented by universal-character-name '\u0435' cannot be represented in the current code page (1252)
\\Mac\Home\Documents\Github\cpp-bsuir\2-nd term\SDT\var_6\final task\final task\final task.cpp(44,29): warning C4566: character represented by universal-character-name '\u043A' cannot be represented in the current code page (1252)
\\Mac\Home\Documents\Github\cpp-bsuir\2-nd term\SDT\var_6\final task\final task\final task.cpp(44,29): warning C4566: character represented by universal-character-name '\u043E' cannot be represented in the current code page (1252)
\\Mac\Home\Documents\Github\cpp-bsuir\2-nd term\SDT\var_6\final task\final task\final task.cpp(44,29): warning C4566: character represented by universal-character-name '\u0440' cannot be represented in the current code page (1252)
\\Mac\Home\Documents\Github\cpp-bsuir\2-nd term\SDT\var_6\final task\final task\final task.cpp(44,29): warning C4566: character represented by universal-character-name '\u0442' cannot be represented in the current code page (1252)
\\Mac\Home\Documents\Github\cpp-bsuir\2-nd term\SDT\var_6\final task\final task\final task.cpp(44,29): warning C4566: character represented by universal-character-name '\u043D' cannot be represented in the current code page (1252)
\\Mac\Home\Documents\Github\cpp-bsuir\2-nd term\SDT\var_6\final task\final task\final task.cpp(44,29): warning C4566: character represented by universal-character-name '\u044B' cannot be represented in the current code page (1252)
\\Mac\Home\Documents\Github\cpp-bsuir\2-nd term\SDT\var_6\final task\final task\final task.cpp(44,29): warning C4566: character represented by universal-character-name '\u0439' cannot be represented in the current code page (1252)
\\Mac\Home\Documents\Github\cpp-bsuir\2-nd term\SDT\var_6\final task\final task\final task.cpp(44,29): warning C4566: character represented by universal-character-name '\u0432' cannot be represented in the current code page (1252)
\\Mac\Home\Documents\Github\cpp-bsuir\2-nd term\SDT\var_6\final task\final task\final task.cpp(44,29): warning C4566: character represented by universal-character-name '\u0434' cannot be represented in the current code page (1252)
\\Mac\Home\Documents\Github\cpp-bsuir\2-nd term\SDT\var_6\final task\final task\final task.cpp(44,29): warning C4566: character represented by universal-character-name '\u043F' cannot be represented in the current code page (1252)
\\Mac\Home\Documents\Github\cpp-bsuir\2-nd term\SDT\var_6\final task\final task\final task.cpp(44,29): warning C4566: character represented by universal-character-name '\u0431' cannot be represented in the current code page (1252)
\\Mac\Home\Documents\Github\cpp-bsuir\2-nd term\SDT\var_6\final task\final task\final task.cpp(44,29): warning C4566: character represented by universal-character-name '\u0443' cannot be represented in the current code page (1252)
\\Mac\Home\Documents\Github\cpp-bsuir\2-nd term\SDT\var_6\final task\final task\final task.cpp(44,29): warning C4566: character represented by universal-character-name '\u0449' cannot be represented in the current code page (1252)
\\Mac\Home\Documents\Github\cpp-bsuir\2-nd term\SDT\var_6\final task\final task\final task.cpp(44,29): warning C4566: character represented by universal-character-name '\u0451' cannot be represented in the current code page (1252)
\\Mac\Home\Documents\Github\cpp-bsuir\2-nd term\SDT\var_6\final task\final task\final task.cpp(44,29): warning C4566: character represented by universal-character-name '\u0430' cannot be represented in the current code page (1252)
\\Mac\Home\Documents\Github\cpp-bsuir\2-nd term\SDT\var_6\final task\final task\final task.cpp(44,29): warning C4566: character represented by universal-character-name '\u0437' cannot be represented in the current code page (1252)
\\Mac\Home\Documents\Github\cpp-bsuir\2-nd term\SDT\var_6\final task\final task\final task.cpp(50,21): warning C4566: character represented by universal-character-name '\u0412' cannot be represented in the current code page (1252)
\\Mac\Home\Documents\Github\cpp-bsuir\2-nd term\SDT\var_6\final task\final task\final task.cpp(50,21): warning C4566: character represented by universal-character-name '\u0432' cannot be represented in the current code page (1252)
\\Mac\Home\Documents\Github\cpp-bsuir\2-nd term\SDT\var_6\final task\final task\final task.cpp(50,21): warning C4566: character represented by universal-character-name '\u0435' cannot be represented in the current code page (1252)
\\Mac\Home\Documents\Github\cpp-bsuir\2-nd term\SDT\var_6\final task\final task\final task.cpp(50,21): warning C4566: character represented by universal-character-name '\u0434' cannot be represented in the current code page (1252)
\\Mac\Home\Documents\Github\cpp-bsuir\2-nd term\SDT\var_6\final task\final task\final task.cpp(50,21): warning C4566: character represented by universal-character-name '\u0438' cannot be represented in the current code page (1252)
\\Mac\Home\Documents\Github\cpp-bsuir\2-nd term\SDT\var_6\final task\final task\final task.cpp(50,21): warning C4566: character represented by universal-character-name '\u0442' cannot be represented in the current code page (1252)
\\Mac\Home\Documents\Github\cpp-bsuir\2-nd term\SDT\var_6\final task\final task\final task.cpp(50,21): warning C4566: character represented by universal-character-name '\u043D' cannot be represented in the current code page (1252)
\\Mac\Home\Documents\Github\cpp-bsuir\2-nd term\SDT\var_6\final task\final task\final task.cpp(50,21): warning C4566: character represented by universal-character-name '\u0430' cannot be represented in the current code page (1252)
\\Mac\Home\Documents\Github\cpp-bsuir\2-nd term\SDT\var_6\final task\final task\final task.cpp(50,21): warning C4566: character represented by universal-character-name '\u0447' cannot be represented in the current code page (1252)
\\Mac\Home\Documents\Github\cpp-bsuir\2-nd term\SDT\var_6\final task\final task\final task.cpp(50,21): warning C4566: character represented by universal-character-name '\u043B' cannot be represented in the current code page (1252)
\\Mac\Home\Documents\Github\cpp-bsuir\2-nd term\SDT\var_6\final task\final task\final task.cpp(50,21): warning C4566: character represented by universal-character-name '\u043E' cannot be represented in the current code page (1252)
\\Mac\Home\Documents\Github\cpp-bsuir\2-nd term\SDT\var_6\final task\final task\final task.cpp(50,21): warning C4566: character represented by universal-character-name '\u043F' cannot be represented in the current code page (1252)
\\Mac\Home\Documents\Github\cpp-bsuir\2-nd term\SDT\var_6\final task\final task\final task.cpp(50,21): warning C4566: character represented by universal-character-name '\u0440' cannot be represented in the current code page (1252)
\\Mac\Home\Documents\Github\cpp-bsuir\2-nd term\SDT\var_6\final task\final task\final task.cpp(50,21): warning C4566: character represented by universal-character-name '\u043C' cannot be represented in the current code page (1252)
\\Mac\Home\Documents\Github\cpp-bsuir\2-nd term\SDT\var_6\final task\final task\final task.cpp(50,21): warning C4566: character represented by universal-character-name '\u0436' cannot be represented in the current code page (1252)
\\Mac\Home\Documents\Github\cpp-bsuir\2-nd term\SDT\var_6\final task\final task\final task.cpp(50,21): warning C4566: character represented by universal-character-name '\u0443' cannot be represented in the current code page (1252)
\\Mac\Home\Documents\Github\cpp-bsuir\2-nd term\SDT\var_6\final task\final task\final task.cpp(50,21): warning C4566: character represented by universal-character-name '\u043A' cannot be represented in the current code page (1252)
\\Mac\Home\Documents\Github\cpp-bsuir\2-nd term\SDT\var_6\final task\final task\final task.cpp(52,21): warning C4566: character represented by universal-character-name '\u0412' cannot be represented in the current code page (1252)
\\Mac\Home\Documents\Github\cpp-bsuir\2-nd term\SDT\var_6\final task\final task\final task.cpp(52,21): warning C4566: character represented by universal-character-name '\u0432' cannot be represented in the current code page (1252)
\\Mac\Home\Documents\Github\cpp-bsuir\2-nd term\SDT\var_6\final task\final task\final task.cpp(52,21): warning C4566: character represented by universal-character-name '\u0435' cannot be represented in the current code page (1252)
\\Mac\Home\Documents\Github\cpp-bsuir\2-nd term\SDT\var_6\final task\final task\final task.cpp(52,21): warning C4566: character represented by universal-character-name '\u0434' cannot be represented in the current code page (1252)
\\Mac\Home\Documents\Github\cpp-bsuir\2-nd term\SDT\var_6\final task\final task\final task.cpp(52,21): warning C4566: character represented by universal-character-name '\u0438' cannot be represented in the current code page (1252)
\\Mac\Home\Documents\Github\cpp-bsuir\2-nd term\SDT\var_6\final task\final task\final task.cpp(52,21): warning C4566: character represented by universal-character-name '\u0442' cannot be represented in the current code page (1252)
\\Mac\Home\Documents\Github\cpp-bsuir\2-nd term\SDT\var_6\final task\final task\final task.cpp(52,21): warning C4566: character represented by universal-character-name '\u043A' cannot be represented in the current code page (1252)
\\Mac\Home\Documents\Github\cpp-bsuir\2-nd term\SDT\var_6\final task\final task\final task.cpp(52,21): warning C4566: character represented by universal-character-name '\u043E' cannot be represented in the current code page (1252)
\\Mac\Home\Documents\Github\cpp-bsuir\2-nd term\SDT\var_6\final task\final task\final task.cpp(52,21): warning C4566: character represented by universal-character-name '\u043D' cannot be represented in the current code page (1252)
\\Mac\Home\Documents\Github\cpp-bsuir\2-nd term\SDT\var_6\final task\final task\final task.cpp(52,21): warning C4566: character represented by universal-character-name '\u0446' cannot be represented in the current code page (1252)
\\Mac\Home\Documents\Github\cpp-bsuir\2-nd term\SDT\var_6\final task\final task\final task.cpp(52,21): warning C4566: character represented by universal-character-name '\u043F' cannot be represented in the current code page (1252)
\\Mac\Home\Documents\Github\cpp-bsuir\2-nd term\SDT\var_6\final task\final task\final task.cpp(52,21): warning C4566: character represented by universal-character-name '\u0440' cannot be represented in the current code page (1252)
\\Mac\Home\Documents\Github\cpp-bsuir\2-nd term\SDT\var_6\final task\final task\final task.cpp(52,21): warning C4566: character represented by universal-character-name '\u043C' cannot be represented in the current code page (1252)
\\Mac\Home\Documents\Github\cpp-bsuir\2-nd term\SDT\var_6\final task\final task\final task.cpp(52,21): warning C4566: character represented by universal-character-name '\u0436' cannot be represented in the current code page (1252)
\\Mac\Home\Documents\Github\cpp-bsuir\2-nd term\SDT\var_6\final task\final task\final task.cpp(52,21): warning C4566: character represented by universal-character-name '\u0443' cannot be represented in the current code page (1252)
\\Mac\Home\Documents\Github\cpp-bsuir\2-nd term\SDT\var_6\final task\final task\final task.cpp(52,21): warning C4566: character represented by universal-character-name '\u0430' cannot be represented in the current code page (1252)
\\Mac\Home\Documents\Github\cpp-bsuir\2-nd term\SDT\var_6\final task\final task\final task.cpp(123,25): warning C4566: character represented by universal-character-name '\u0427' cannot be represented in the current code page (1252)
\\Mac\Home\Documents\Github\cpp-bsuir\2-nd term\SDT\var_6\final task\final task\final task.cpp(123,25): warning C4566: character represented by universal-character-name '\u0438' cannot be represented in the current code page (1252)
\\Mac\Home\Documents\Github\cpp-bsuir\2-nd term\SDT\var_6\final task\final task\final task.cpp(123,25): warning C4566: character represented by universal-character-name '\u0441' cannot be represented in the current code page (1252)
\\Mac\Home\Documents\Github\cpp-bsuir\2-nd term\SDT\var_6\final task\final task\final task.cpp(123,25): warning C4566: character represented by universal-character-name '\u043B' cannot be represented in the current code page (1252)
\\Mac\Home\Documents\Github\cpp-bsuir\2-nd term\SDT\var_6\final task\final task\final task.cpp(123,25): warning C4566: character represented by universal-character-name '\u043E' cannot be represented in the current code page (1252)
\\Mac\Home\Documents\Github\cpp-bsuir\2-nd term\SDT\var_6\final task\final task\final task.cpp(123,58): warning C4566: character represented by universal-character-name '\u0441' cannot be represented in the current code page (1252)
\\Mac\Home\Documents\Github\cpp-bsuir\2-nd term\SDT\var_6\final task\final task\final task.cpp(123,58): warning C4566: character represented by universal-character-name '\u043E' cannot be represented in the current code page (1252)
\\Mac\Home\Documents\Github\cpp-bsuir\2-nd term\SDT\var_6\final task\final task\final task.cpp(123,58): warning C4566: character represented by universal-character-name '\u0434' cannot be represented in the current code page (1252)
\\Mac\Home\Documents\Github\cpp-bsuir\2-nd term\SDT\var_6\final task\final task\final task.cpp(123,58): warning C4566: character represented by universal-character-name '\u0435' cannot be represented in the current code page (1252)
\\Mac\Home\Documents\Github\cpp-bsuir\2-nd term\SDT\var_6\final task\final task\final task.cpp(123,58): warning C4566: character represented by universal-character-name '\u0440' cannot be represented in the current code page (1252)
\\Mac\Home\Documents\Github\cpp-bsuir\2-nd term\SDT\var_6\final task\final task\final task.cpp(123,58): warning C4566: character represented by universal-character-name '\u0436' cannot be represented in the current code page (1252)
\\Mac\Home\Documents\Github\cpp-bsuir\2-nd term\SDT\var_6\final task\final task\final task.cpp(123,58): warning C4566: character represented by universal-character-name '\u0438' cannot be represented in the current code page (1252)
\\Mac\Home\Documents\Github\cpp-bsuir\2-nd term\SDT\var_6\final task\final task\final task.cpp(123,58): warning C4566: character represented by universal-character-name '\u0442' cannot be represented in the current code page (1252)
\\Mac\Home\Documents\Github\cpp-bsuir\2-nd term\SDT\var_6\final task\final task\final task.cpp(123,58): warning C4566: character represented by universal-character-name '\u044F' cannot be represented in the current code page (1252)
\\Mac\Home\Documents\Github\cpp-bsuir\2-nd term\SDT\var_6\final task\final task\final task.cpp(123,58): warning C4566: character represented by universal-character-name '\u0432' cannot be represented in the current code page (1252)
\\Mac\Home\Documents\Github\cpp-bsuir\2-nd term\SDT\var_6\final task\final task\final task.cpp(123,58): warning C4566: character represented by universal-character-name '\u043C' cannot be represented in the current code page (1252)
\\Mac\Home\Documents\Github\cpp-bsuir\2-nd term\SDT\var_6\final task\final task\final task.cpp(123,58): warning C4566: character represented by universal-character-name '\u0430' cannot be represented in the current code page (1252)
\\Mac\Home\Documents\Github\cpp-bsuir\2-nd term\SDT\var_6\final task\final task\final task.cpp(123,160): warning C4566: character represented by universal-character-name '\u0440' cannot be represented in the current code page (1252)
\\Mac\Home\Documents\Github\cpp-bsuir\2-nd term\SDT\var_6\final task\final task\final task.cpp(123,160): warning C4566: character represented by universal-character-name '\u0430' cannot be represented in the current code page (1252)
\\Mac\Home\Documents\Github\cpp-bsuir\2-nd term\SDT\var_6\final task\final task\final task.cpp(123,160): warning C4566: character represented by universal-character-name '\u0437' cannot be represented in the current code page (1252)
\\Mac\Home\Documents\Github\cpp-bsuir\2-nd term\SDT\var_6\final task\final task\final task.cpp(132,15): warning C4244: 'argument': conversion from 'time_t' to 'unsigned int', possible loss of data
\\Mac\Home\Documents\Github\cpp-bsuir\2-nd term\SDT\var_6\final task\final task\final task.cpp(136,21): warning C4566: character represented by universal-character-name '\u041F' cannot be represented in the current code page (1252)
\\Mac\Home\Documents\Github\cpp-bsuir\2-nd term\SDT\var_6\final task\final task\final task.cpp(136,21): warning C4566: character represented by universal-character-name '\u043E' cannot be represented in the current code page (1252)
\\Mac\Home\Documents\Github\cpp-bsuir\2-nd term\SDT\var_6\final task\final task\final task.cpp(136,21): warning C4566: character represented by universal-character-name '\u043B' cannot be represented in the current code page (1252)
\\Mac\Home\Documents\Github\cpp-bsuir\2-nd term\SDT\var_6\final task\final task\final task.cpp(136,21): warning C4566: character represented by universal-character-name '\u0443' cannot be represented in the current code page (1252)
\\Mac\Home\Documents\Github\cpp-bsuir\2-nd term\SDT\var_6\final task\final task\final task.cpp(136,21): warning C4566: character represented by universal-character-name '\u0447' cannot be represented in the current code page (1252)
\\Mac\Home\Documents\Github\cpp-bsuir\2-nd term\SDT\var_6\final task\final task\final task.cpp(136,21): warning C4566: character represented by universal-character-name '\u0435' cannot be represented in the current code page (1252)
\\Mac\Home\Documents\Github\cpp-bsuir\2-nd term\SDT\var_6\final task\final task\final task.cpp(136,21): warning C4566: character represented by universal-character-name '\u043D' cannot be represented in the current code page (1252)
\\Mac\Home\Documents\Github\cpp-bsuir\2-nd term\SDT\var_6\final task\final task\final task.cpp(136,21): warning C4566: character represented by universal-character-name '\u044B' cannot be represented in the current code page (1252)
\\Mac\Home\Documents\Github\cpp-bsuir\2-nd term\SDT\var_6\final task\final task\final task.cpp(136,21): warning C4566: character represented by universal-character-name '\u0439' cannot be represented in the current code page (1252)
\\Mac\Home\Documents\Github\cpp-bsuir\2-nd term\SDT\var_6\final task\final task\final task.cpp(136,21): warning C4566: character represented by universal-character-name '\u043C' cannot be represented in the current code page (1252)
\\Mac\Home\Documents\Github\cpp-bsuir\2-nd term\SDT\var_6\final task\final task\final task.cpp(136,21): warning C4566: character represented by universal-character-name '\u0430' cannot be represented in the current code page (1252)
\\Mac\Home\Documents\Github\cpp-bsuir\2-nd term\SDT\var_6\final task\final task\final task.cpp(136,21): warning C4566: character represented by universal-character-name '\u0441' cannot be represented in the current code page (1252)
\\Mac\Home\Documents\Github\cpp-bsuir\2-nd term\SDT\var_6\final task\final task\final task.cpp(136,21): warning C4566: character represented by universal-character-name '\u0438' cannot be represented in the current code page (1252)
\\Mac\Home\Documents\Github\cpp-bsuir\2-nd term\SDT\var_6\final task\final task\final task.cpp(136,21): warning C4566: character represented by universal-character-name '\u0432' cannot be represented in the current code page (1252)
  final task.vcxproj -> \\Mac\Home\Documents\Github\cpp-bsuir\2-nd term\SDT\var_6\final task\final task\x64\Debug\final task.exe
